\BOOKMARK [-1][]{part.1}{\376\377\173\054\116\000\220\350\122\006\000\040\145\345\136\070\117\177\165\050}{}% 1
\BOOKMARK [0][]{chapter.1}{\376\377\0001\000\040\133\236\165\050\217\157\116\366}{part.1}% 2
\BOOKMARK [1][]{section.1.1}{\376\377\0001\000.\0001\000\040\201\176\213\257\000Q\000Q}{chapter.1}% 3
\BOOKMARK [2][]{subsection.1.1.1}{\376\377\0001\000.\0001\000.\0001\000\040\133\230\145\271\162\110\147\054}{section.1.1}% 4
\BOOKMARK [2][]{subsection.1.1.2}{\376\377\0001\000.\0001\000.\0002\000\040\000i\000c\000a\000l\000i\000n\000g\000u\000a\000+\000+}{section.1.1}% 5
\BOOKMARK [1][]{section.1.2}{\376\377\0001\000.\0002\000\040\137\256\117\341}{chapter.1}% 6
\BOOKMARK [2][]{subsection.1.2.1}{\376\377\0001\000.\0002\000.\0001\000\040\000W\000i\000n\000e\000-\000W\000e\000c\000h\000a\000t}{section.1.2}% 7
\BOOKMARK [3][]{subsubsection.1.2.1.1}{\376\377\0001\000.\0002\000.\0001\000.\0001\000\040\133\211\210\305\000W\000i\000n\000e}{subsection.1.2.1}% 8
\BOOKMARK [3][]{subsubsection.1.2.1.2}{\376\377\0001\000.\0002\000.\0001\000.\0002\000\040\116\055\145\207\133\127\117\123\145\340\154\325\146\076\171\072\225\356\230\230}{subsection.1.2.1}% 9
\BOOKMARK [3][]{subsubsection.1.2.1.3}{\376\377\0001\000.\0002\000.\0001\000.\0003\000\040\200\112\131\051\150\106\145\340\154\325\217\223\121\145\145\207\133\127}{subsection.1.2.1}% 10
\BOOKMARK [2][]{subsection.1.2.2}{\376\377\0001\000.\0002\000.\0002\000\040\000L\000i\000n\000u\000x\123\237\165\037\137\256\117\341}{section.1.2}% 11
\BOOKMARK [2][]{subsection.1.2.3}{\376\377\0001\000.\0002\000.\0003\000\040\116\214\200\005\133\371\153\324}{section.1.2}% 12
\BOOKMARK [-1][]{part.2}{\376\377\173\054\116\214\220\350\122\006\000\040\165\037\116\247\137\000\123\321}{}% 13
\BOOKMARK [0][]{chapter.2}{\376\377\0002\000\040\000L\000a\000T\000e\000X\117\177\165\050}{part.2}% 14
\BOOKMARK [1][]{section.2.1}{\376\377\0002\000.\0001\000\040\133\236\165\050\133\217\123\005\116\313\176\315}{chapter.2}% 15
\BOOKMARK [2][]{subsection.2.1.1}{\376\377\0002\000.\0001\000.\0001\000\040\000t\000c\000o\000l\000o\000r\000b\000o\000x\000\040\040\023\000\040\157\002\116\256\166\204\166\322\133\120}{section.2.1}% 16
\BOOKMARK [2][]{subsection.2.1.2}{\376\377\0002\000.\0001\000.\0002\000\040\000l\000s\000t\000i\000n\000l\000i\000n\000e\124\175\116\344}{section.2.1}% 17
\BOOKMARK [2][]{subsection.2.1.3}{\376\377\0002\000.\0001\000.\0003\000\040\000p\000r\000i\000n\000t\000l\000e\000n\000\040\040\023\000\040\217\223\121\372\176\270\137\040\131\047\134\017}{section.2.1}% 18
\BOOKMARK [2][]{subsection.2.1.4}{\376\377\0002\000.\0001\000.\0004\000\040\000g\000e\000o\000m\000e\000t\000r\000y\000\040\040\023\000\040\173\241\164\006\230\165\227\142\211\304\150\074}{section.2.1}% 19
\BOOKMARK [2][]{subsection.2.1.5}{\376\377\0002\000.\0001\000.\0005\000\040\000h\000o\000l\000o\000g\000o\000\040\040\023\000\040\217\223\121\372\000T\000e\000X\133\266\145\317\133\127\117\123}{section.2.1}% 20
\BOOKMARK [2][]{subsection.2.1.6}{\376\377\0002\000.\0001\000.\0006\000\040\000m\000a\000k\000e\000i\000d\000x\000\040\040\023\000\040\165\037\142\020\175\042\137\025}{section.2.1}% 21
\BOOKMARK [2][]{subsection.2.1.7}{\376\377\0002\000.\0001\000.\0007\000\040\000f\000o\000r\000l\000o\000o\000p\000\040\040\023\000\040\000f\000o\000r\137\252\163\257}{section.2.1}% 22
\BOOKMARK [2][]{subsection.2.1.8}{\376\377\0002\000.\0001\000.\0008\000\040\000e\000a\000n\0001\0003\000i\000s\000b\000n\000\040\040\023\000\040\165\037\142\020\000I\000S\000B\000N\147\141\170\001}{section.2.1}% 23
\BOOKMARK [2][]{subsection.2.1.9}{\376\377\0002\000.\0001\000.\0009\000\040\000p\000d\000f\000p\000a\000g\000e\000s\000\040\040\023\000\040\143\322\121\145\000P\000D\000F\145\207\116\366}{section.2.1}% 24
\BOOKMARK [2][]{subsection.2.1.10}{\376\377\0002\000.\0001\000.\0001\0000\000\040\000C\000T\000e\000X\000\040\040\023\000\040\116\055\145\207\133\127\117\123\213\276\177\156}{section.2.1}% 25
\BOOKMARK [2][]{subsection.2.1.11}{\376\377\0002\000.\0001\000.\0001\0001\000\040\000d\000a\000t\000e\000t\000i\000m\000e\0002\000\040\040\023\000\040\220\032\217\307\145\160\133\127\165\037\142\020\202\361\145\207\147\010\116\375}{section.2.1}% 26
\BOOKMARK [1][]{section.2.2}{\376\377\0002\000.\0002\000\040\121\166\116\326}{chapter.2}% 27
\BOOKMARK [2][]{subsection.2.2.1}{\376\377\0002\000.\0002\000.\0001\000\040\134\006\230\165\167\011\145\071\116\072\116\044\147\141\152\052\176\277}{section.2.2}% 28
\BOOKMARK [2][]{subsection.2.2.2}{\376\377\0002\000.\0002\000.\0002\000\040\137\353\220\037\147\345\167\013\124\004\171\315\133\217\123\005\145\207\150\143}{section.2.2}% 29
